{"name":"TC_01_SubmitFormWithValidData","status":"broken","statusDetails":{"known":false,"muted":false,"flaky":false,"message":"Element should have been \"select\" but was \"div\"\nBuild info: version: '4.15.0', revision: '1d14b5521b'\nSystem info: os.name: 'Mac OS X', os.arch: 'x86_64', os.version: '14.3.1', java.version: '17.0.7'\nDriver info: driver.version: unknown","trace":"org.openqa.selenium.support.ui.UnexpectedTagNameException: Element should have been \"select\" but was \"div\"\nBuild info: version: '4.15.0', revision: '1d14b5521b'\nSystem info: os.name: 'Mac OS X', os.arch: 'x86_64', os.version: '14.3.1', java.version: '17.0.7'\nDriver info: driver.version: unknown\n\tat org.openqa.selenium.support.ui.Select.<init>(Select.java:46)\n\tat commons.BasePage.selectItemInDefaultDropdown(BasePage.java:219)\n\tat DemoQAPO.forms.PracticeFormPO.selectState(PracticeFormPO.java:79)\n\tat DemoQATest.forms.PracticeForm.TC_01_SubmitFormWithValidData(PracticeForm.java:43)\n\tat java.base/jdk.internal.reflect.NativeMethodAccessorImpl.invoke0(Native Method)\n\tat java.base/jdk.internal.reflect.NativeMethodAccessorImpl.invoke(NativeMethodAccessorImpl.java:77)\n\tat java.base/jdk.internal.reflect.DelegatingMethodAccessorImpl.invoke(DelegatingMethodAccessorImpl.java:43)\n\tat java.base/java.lang.reflect.Method.invoke(Method.java:568)\n\tat org.testng.internal.MethodInvocationHelper.invokeMethod(MethodInvocationHelper.java:124)\n\tat org.testng.internal.Invoker.invokeMethod(Invoker.java:583)\n\tat org.testng.internal.Invoker.invokeTestMethod(Invoker.java:719)\n\tat org.testng.internal.Invoker.invokeTestMethods(Invoker.java:989)\n\tat org.testng.internal.TestMethodWorker.invokeTestMethods(TestMethodWorker.java:125)\n\tat org.testng.internal.TestMethodWorker.run(TestMethodWorker.java:109)\n\tat org.testng.TestRunner.privateRun(TestRunner.java:648)\n\tat org.testng.TestRunner.run(TestRunner.java:505)\n\tat org.testng.SuiteRunner.runTest(SuiteRunner.java:455)\n\tat org.testng.SuiteRunner.access$000(SuiteRunner.java:40)\n\tat org.testng.SuiteRunner$SuiteWorker.run(SuiteRunner.java:489)\n\tat org.testng.internal.thread.ThreadUtil$1.call(ThreadUtil.java:52)\n\tat java.base/java.util.concurrent.FutureTask.run(FutureTask.java:264)\n\tat java.base/java.util.concurrent.ThreadPoolExecutor.runWorker(ThreadPoolExecutor.java:1136)\n\tat java.base/java.util.concurrent.ThreadPoolExecutor$Worker.run(ThreadPoolExecutor.java:635)\n\tat java.base/java.lang.Thread.run(Thread.java:833)\n"},"stage":"finished","description":"TC_01: Submit practice form with valid data","steps":[{"name":"Enter first name: John","status":"passed","stage":"finished","steps":[],"attachments":[],"parameters":[{"name":"firstName","value":"John"}],"start":1735746198744,"stop":1735746198940},{"name":"Enter last name: Doe","status":"passed","stage":"finished","steps":[],"attachments":[],"parameters":[{"name":"lastName","value":"Doe"}],"start":1735746198941,"stop":1735746199003},{"name":"Enter email: john.doe@example.com","status":"passed","stage":"finished","steps":[],"attachments":[],"parameters":[{"name":"email","value":"john.doe@example.com"}],"start":1735746199004,"stop":1735746199074},{"name":"Select gender: Male","status":"passed","stage":"finished","steps":[],"attachments":[],"parameters":[{"name":"gender","value":"Male"}],"start":1735746199074,"stop":1735746199145},{"name":"Enter mobile number: 1234567890","status":"passed","stage":"finished","steps":[],"attachments":[],"parameters":[{"name":"mobileNumber","value":"1234567890"}],"start":1735746199145,"stop":1735746199228},{"name":"Enter date of birth: 01 Jan 2000","status":"passed","stage":"finished","steps":[],"attachments":[],"parameters":[{"name":"dateOfBirth","value":"01 Jan 2000"}],"start":1735746199228,"stop":1735746199534},{"name":"Enter subjects: Math","status":"passed","stage":"finished","steps":[],"attachments":[],"parameters":[{"name":"subjects","value":"Math"}],"start":1735746199534,"stop":1735746199699},{"name":"Upload picture: /Users/apple/Downloads/sampleFile.jpeg","status":"passed","stage":"finished","steps":[],"attachments":[],"parameters":[{"name":"filePath","value":"/Users/apple/Downloads/sampleFile.jpeg"}],"start":1735746199699,"stop":1735746199787},{"name":"Enter address: 123 Elm Street","status":"passed","stage":"finished","steps":[],"attachments":[],"parameters":[{"name":"address","value":"123 Elm Street"}],"start":1735746199787,"stop":1735746199891},{"name":"Select state: NCR","status":"broken","statusDetails":{"known":false,"muted":false,"flaky":false,"message":"Element should have been \"select\" but was \"div\"\nBuild info: version: '4.15.0', revision: '1d14b5521b'\nSystem info: os.name: 'Mac OS X', os.arch: 'x86_64', os.version: '14.3.1', java.version: '17.0.7'\nDriver info: driver.version: unknown","trace":"org.openqa.selenium.support.ui.UnexpectedTagNameException: Element should have been \"select\" but was \"div\"\nBuild info: version: '4.15.0', revision: '1d14b5521b'\nSystem info: os.name: 'Mac OS X', os.arch: 'x86_64', os.version: '14.3.1', java.version: '17.0.7'\nDriver info: driver.version: unknown\n\tat org.openqa.selenium.support.ui.Select.<init>(Select.java:46)\n\tat commons.BasePage.selectItemInDefaultDropdown(BasePage.java:219)\n\tat DemoQAPO.forms.PracticeFormPO.selectState(PracticeFormPO.java:79)\n\tat DemoQATest.forms.PracticeForm.TC_01_SubmitFormWithValidData(PracticeForm.java:43)\n\tat java.base/jdk.internal.reflect.NativeMethodAccessorImpl.invoke0(Native Method)\n\tat java.base/jdk.internal.reflect.NativeMethodAccessorImpl.invoke(NativeMethodAccessorImpl.java:77)\n\tat java.base/jdk.internal.reflect.DelegatingMethodAccessorImpl.invoke(DelegatingMethodAccessorImpl.java:43)\n\tat java.base/java.lang.reflect.Method.invoke(Method.java:568)\n\tat org.testng.internal.MethodInvocationHelper.invokeMethod(MethodInvocationHelper.java:124)\n\tat org.testng.internal.Invoker.invokeMethod(Invoker.java:583)\n\tat org.testng.internal.Invoker.invokeTestMethod(Invoker.java:719)\n\tat org.testng.internal.Invoker.invokeTestMethods(Invoker.java:989)\n\tat org.testng.internal.TestMethodWorker.invokeTestMethods(TestMethodWorker.java:125)\n\tat org.testng.internal.TestMethodWorker.run(TestMethodWorker.java:109)\n\tat org.testng.TestRunner.privateRun(TestRunner.java:648)\n\tat org.testng.TestRunner.run(TestRunner.java:505)\n\tat org.testng.SuiteRunner.runTest(SuiteRunner.java:455)\n\tat org.testng.SuiteRunner.access$000(SuiteRunner.java:40)\n\tat org.testng.SuiteRunner$SuiteWorker.run(SuiteRunner.java:489)\n\tat org.testng.internal.thread.ThreadUtil$1.call(ThreadUtil.java:52)\n\tat java.base/java.util.concurrent.FutureTask.run(FutureTask.java:264)\n\tat java.base/java.util.concurrent.ThreadPoolExecutor.runWorker(ThreadPoolExecutor.java:1136)\n\tat java.base/java.util.concurrent.ThreadPoolExecutor$Worker.run(ThreadPoolExecutor.java:635)\n\tat java.base/java.lang.Thread.run(Thread.java:833)\n"},"stage":"finished","steps":[],"attachments":[],"parameters":[{"name":"state","value":"NCR"}],"start":1735746199892,"stop":1735746199913}],"attachments":[],"parameters":[],"start":1735746198730,"stop":1735746199922,"uuid":"2ce7a2c7-736d-4c51-9c00-764d76c92802","historyId":"d2c6300d2d9fa772b6714dd15b938338","fullName":"DemoQATest.forms.PracticeForm.TC_01_SubmitFormWithValidData","labels":[{"name":"package","value":"DemoQATest.forms.PracticeForm"},{"name":"testClass","value":"DemoQATest.forms.PracticeForm"},{"name":"testMethod","value":"TC_01_SubmitFormWithValidData"},{"name":"parentSuite","value":"DealerWeb"},{"name":"suite","value":"RUN ON CHROME BROWSER"},{"name":"subSuite","value":"DemoQATest.forms.PracticeForm"},{"name":"host","value":"MacBook-Pro-2"},{"name":"thread","value":"17154@MacBook-Pro-2.TestNG-tests-1(42)"},{"name":"framework","value":"testng"},{"name":"language","value":"java"}],"links":[]}