{"name":"TC_02_VerifyFileUpload","status":"broken","statusDetails":{"known":false,"muted":false,"flaky":false,"message":"invalid argument: File not found : /path/to/your/file.txt\n  (Session info: chrome=131.0.6778.205)\nBuild info: version: '4.15.0', revision: '1d14b5521b'\nSystem info: os.name: 'Mac OS X', os.arch: 'x86_64', os.version: '14.3.1', java.version: '17.0.7'\nDriver info: org.openqa.selenium.chrome.ChromeDriver\nCommand: [ce91f097d6a68d919118cf867ff82120, sendKeysToElement {id=f.5C17F47449CD47E4A445694EEE08041C.d.AE7F2F24EE17FF6D9EF4D05A96B158B9.e.37, value=[Ljava.lang.CharSequence;@5ebbfa76}]\nCapabilities {acceptInsecureCerts: false, browserName: chrome, browserVersion: 131.0.6778.205, chrome: {chromedriverVersion: 131.0.6778.204 (52183f9e99a..., userDataDir: /var/folders/mz/jglrfg4d349...}, fedcm:accounts: true, goog:chromeOptions: {debuggerAddress: localhost:52821}, networkConnectionEnabled: false, pageLoadStrategy: normal, platformName: mac, proxy: Proxy(), se:cdp: ws://localhost:52821/devtoo..., se:cdpVersion: 131.0.6778.205, setWindowRect: true, strictFileInteractability: false, timeouts: {implicit: 0, pageLoad: 300000, script: 30000}, unhandledPromptBehavior: dismiss and notify, webauthn:extension:credBlob: true, webauthn:extension:largeBlob: true, webauthn:extension:minPinLength: true, webauthn:extension:prf: true, webauthn:virtualAuthenticators: true}\nElement: [[ChromeDriver: chrome on mac (ce91f097d6a68d919118cf867ff82120)] -> id: uploadFile]\nSession ID: ce91f097d6a68d919118cf867ff82120","trace":"org.openqa.selenium.InvalidArgumentException: invalid argument: File not found : /path/to/your/file.txt\n  (Session info: chrome=131.0.6778.205)\nBuild info: version: '4.15.0', revision: '1d14b5521b'\nSystem info: os.name: 'Mac OS X', os.arch: 'x86_64', os.version: '14.3.1', java.version: '17.0.7'\nDriver info: org.openqa.selenium.chrome.ChromeDriver\nCommand: [ce91f097d6a68d919118cf867ff82120, sendKeysToElement {id=f.5C17F47449CD47E4A445694EEE08041C.d.AE7F2F24EE17FF6D9EF4D05A96B158B9.e.37, value=[Ljava.lang.CharSequence;@5ebbfa76}]\nCapabilities {acceptInsecureCerts: false, browserName: chrome, browserVersion: 131.0.6778.205, chrome: {chromedriverVersion: 131.0.6778.204 (52183f9e99a..., userDataDir: /var/folders/mz/jglrfg4d349...}, fedcm:accounts: true, goog:chromeOptions: {debuggerAddress: localhost:52821}, networkConnectionEnabled: false, pageLoadStrategy: normal, platformName: mac, proxy: Proxy(), se:cdp: ws://localhost:52821/devtoo..., se:cdpVersion: 131.0.6778.205, setWindowRect: true, strictFileInteractability: false, timeouts: {implicit: 0, pageLoad: 300000, script: 30000}, unhandledPromptBehavior: dismiss and notify, webauthn:extension:credBlob: true, webauthn:extension:largeBlob: true, webauthn:extension:minPinLength: true, webauthn:extension:prf: true, webauthn:virtualAuthenticators: true}\nElement: [[ChromeDriver: chrome on mac (ce91f097d6a68d919118cf867ff82120)] -> id: uploadFile]\nSession ID: ce91f097d6a68d919118cf867ff82120\n\tat java.base/jdk.internal.reflect.NativeConstructorAccessorImpl.newInstance0(Native Method)\n\tat java.base/jdk.internal.reflect.NativeConstructorAccessorImpl.newInstance(NativeConstructorAccessorImpl.java:77)\n\tat java.base/jdk.internal.reflect.DelegatingConstructorAccessorImpl.newInstance(DelegatingConstructorAccessorImpl.java:45)\n\tat java.base/java.lang.reflect.Constructor.newInstanceWithCaller(Constructor.java:499)\n\tat java.base/java.lang.reflect.Constructor.newInstance(Constructor.java:480)\n\tat org.openqa.selenium.remote.codec.w3c.W3CHttpResponseCodec.createException(W3CHttpResponseCodec.java:200)\n\tat org.openqa.selenium.remote.codec.w3c.W3CHttpResponseCodec.decode(W3CHttpResponseCodec.java:133)\n\tat org.openqa.selenium.remote.codec.w3c.W3CHttpResponseCodec.decode(W3CHttpResponseCodec.java:52)\n\tat org.openqa.selenium.remote.HttpCommandExecutor.execute(HttpCommandExecutor.java:191)\n\tat org.openqa.selenium.remote.service.DriverCommandExecutor.invokeExecute(DriverCommandExecutor.java:200)\n\tat org.openqa.selenium.remote.service.DriverCommandExecutor.execute(DriverCommandExecutor.java:175)\n\tat org.openqa.selenium.remote.RemoteWebDriver.execute(RemoteWebDriver.java:607)\n\tat org.openqa.selenium.remote.RemoteWebElement.execute(RemoteWebElement.java:224)\n\tat org.openqa.selenium.remote.RemoteWebElement.sendKeys(RemoteWebElement.java:111)\n\tat commons.BasePage.sendkeyToElement(BasePage.java:197)\n\tat DemoQAPO.element.UploadAndDownloadPO.uploadFile(UploadAndDownloadPO.java:27)\n\tat DemoQATest.element.E_08_UploadAndDownload.TC_02_VerifyFileUpload(E_08_UploadAndDownload.java:40)\n\tat java.base/jdk.internal.reflect.NativeMethodAccessorImpl.invoke0(Native Method)\n\tat java.base/jdk.internal.reflect.NativeMethodAccessorImpl.invoke(NativeMethodAccessorImpl.java:77)\n\tat java.base/jdk.internal.reflect.DelegatingMethodAccessorImpl.invoke(DelegatingMethodAccessorImpl.java:43)\n\tat java.base/java.lang.reflect.Method.invoke(Method.java:568)\n\tat org.testng.internal.MethodInvocationHelper.invokeMethod(MethodInvocationHelper.java:124)\n\tat org.testng.internal.Invoker.invokeMethod(Invoker.java:583)\n\tat org.testng.internal.Invoker.invokeTestMethod(Invoker.java:719)\n\tat org.testng.internal.Invoker.invokeTestMethods(Invoker.java:989)\n\tat org.testng.internal.TestMethodWorker.invokeTestMethods(TestMethodWorker.java:125)\n\tat org.testng.internal.TestMethodWorker.run(TestMethodWorker.java:109)\n\tat org.testng.TestRunner.privateRun(TestRunner.java:648)\n\tat org.testng.TestRunner.run(TestRunner.java:505)\n\tat org.testng.SuiteRunner.runTest(SuiteRunner.java:455)\n\tat org.testng.SuiteRunner.access$000(SuiteRunner.java:40)\n\tat org.testng.SuiteRunner$SuiteWorker.run(SuiteRunner.java:489)\n\tat org.testng.internal.thread.ThreadUtil$1.call(ThreadUtil.java:52)\n\tat java.base/java.util.concurrent.FutureTask.run(FutureTask.java:264)\n\tat java.base/java.util.concurrent.ThreadPoolExecutor.runWorker(ThreadPoolExecutor.java:1136)\n\tat java.base/java.util.concurrent.ThreadPoolExecutor$Worker.run(ThreadPoolExecutor.java:635)\n\tat java.base/java.lang.Thread.run(Thread.java:833)\n"},"stage":"finished","steps":[{"name":"Upload file","status":"broken","statusDetails":{"known":false,"muted":false,"flaky":false,"message":"invalid argument: File not found : /path/to/your/file.txt\n  (Session info: chrome=131.0.6778.205)\nBuild info: version: '4.15.0', revision: '1d14b5521b'\nSystem info: os.name: 'Mac OS X', os.arch: 'x86_64', os.version: '14.3.1', java.version: '17.0.7'\nDriver info: org.openqa.selenium.chrome.ChromeDriver\nCommand: [ce91f097d6a68d919118cf867ff82120, sendKeysToElement {id=f.5C17F47449CD47E4A445694EEE08041C.d.AE7F2F24EE17FF6D9EF4D05A96B158B9.e.37, value=[Ljava.lang.CharSequence;@5ebbfa76}]\nCapabilities {acceptInsecureCerts: false, browserName: chrome, browserVersion: 131.0.6778.205, chrome: {chromedriverVersion: 131.0.6778.204 (52183f9e99a..., userDataDir: /var/folders/mz/jglrfg4d349...}, fedcm:accounts: true, goog:chromeOptions: {debuggerAddress: localhost:52821}, networkConnectionEnabled: false, pageLoadStrategy: normal, platformName: mac, proxy: Proxy(), se:cdp: ws://localhost:52821/devtoo..., se:cdpVersion: 131.0.6778.205, setWindowRect: true, strictFileInteractability: false, timeouts: {implicit: 0, pageLoad: 300000, script: 30000}, unhandledPromptBehavior: dismiss and notify, webauthn:extension:credBlob: true, webauthn:extension:largeBlob: true, webauthn:extension:minPinLength: true, webauthn:extension:prf: true, webauthn:virtualAuthenticators: true}\nElement: [[ChromeDriver: chrome on mac (ce91f097d6a68d919118cf867ff82120)] -> id: uploadFile]\nSession ID: ce91f097d6a68d919118cf867ff82120","trace":"org.openqa.selenium.InvalidArgumentException: invalid argument: File not found : /path/to/your/file.txt\n  (Session info: chrome=131.0.6778.205)\nBuild info: version: '4.15.0', revision: '1d14b5521b'\nSystem info: os.name: 'Mac OS X', os.arch: 'x86_64', os.version: '14.3.1', java.version: '17.0.7'\nDriver info: org.openqa.selenium.chrome.ChromeDriver\nCommand: [ce91f097d6a68d919118cf867ff82120, sendKeysToElement {id=f.5C17F47449CD47E4A445694EEE08041C.d.AE7F2F24EE17FF6D9EF4D05A96B158B9.e.37, value=[Ljava.lang.CharSequence;@5ebbfa76}]\nCapabilities {acceptInsecureCerts: false, browserName: chrome, browserVersion: 131.0.6778.205, chrome: {chromedriverVersion: 131.0.6778.204 (52183f9e99a..., userDataDir: /var/folders/mz/jglrfg4d349...}, fedcm:accounts: true, goog:chromeOptions: {debuggerAddress: localhost:52821}, networkConnectionEnabled: false, pageLoadStrategy: normal, platformName: mac, proxy: Proxy(), se:cdp: ws://localhost:52821/devtoo..., se:cdpVersion: 131.0.6778.205, setWindowRect: true, strictFileInteractability: false, timeouts: {implicit: 0, pageLoad: 300000, script: 30000}, unhandledPromptBehavior: dismiss and notify, webauthn:extension:credBlob: true, webauthn:extension:largeBlob: true, webauthn:extension:minPinLength: true, webauthn:extension:prf: true, webauthn:virtualAuthenticators: true}\nElement: [[ChromeDriver: chrome on mac (ce91f097d6a68d919118cf867ff82120)] -> id: uploadFile]\nSession ID: ce91f097d6a68d919118cf867ff82120\n\tat java.base/jdk.internal.reflect.NativeConstructorAccessorImpl.newInstance0(Native Method)\n\tat java.base/jdk.internal.reflect.NativeConstructorAccessorImpl.newInstance(NativeConstructorAccessorImpl.java:77)\n\tat java.base/jdk.internal.reflect.DelegatingConstructorAccessorImpl.newInstance(DelegatingConstructorAccessorImpl.java:45)\n\tat java.base/java.lang.reflect.Constructor.newInstanceWithCaller(Constructor.java:499)\n\tat java.base/java.lang.reflect.Constructor.newInstance(Constructor.java:480)\n\tat org.openqa.selenium.remote.codec.w3c.W3CHttpResponseCodec.createException(W3CHttpResponseCodec.java:200)\n\tat org.openqa.selenium.remote.codec.w3c.W3CHttpResponseCodec.decode(W3CHttpResponseCodec.java:133)\n\tat org.openqa.selenium.remote.codec.w3c.W3CHttpResponseCodec.decode(W3CHttpResponseCodec.java:52)\n\tat org.openqa.selenium.remote.HttpCommandExecutor.execute(HttpCommandExecutor.java:191)\n\tat org.openqa.selenium.remote.service.DriverCommandExecutor.invokeExecute(DriverCommandExecutor.java:200)\n\tat org.openqa.selenium.remote.service.DriverCommandExecutor.execute(DriverCommandExecutor.java:175)\n\tat org.openqa.selenium.remote.RemoteWebDriver.execute(RemoteWebDriver.java:607)\n\tat org.openqa.selenium.remote.RemoteWebElement.execute(RemoteWebElement.java:224)\n\tat org.openqa.selenium.remote.RemoteWebElement.sendKeys(RemoteWebElement.java:111)\n\tat commons.BasePage.sendkeyToElement(BasePage.java:197)\n\tat DemoQAPO.element.UploadAndDownloadPO.uploadFile(UploadAndDownloadPO.java:27)\n\tat DemoQATest.element.E_08_UploadAndDownload.TC_02_VerifyFileUpload(E_08_UploadAndDownload.java:40)\n\tat java.base/jdk.internal.reflect.NativeMethodAccessorImpl.invoke0(Native Method)\n\tat java.base/jdk.internal.reflect.NativeMethodAccessorImpl.invoke(NativeMethodAccessorImpl.java:77)\n\tat java.base/jdk.internal.reflect.DelegatingMethodAccessorImpl.invoke(DelegatingMethodAccessorImpl.java:43)\n\tat java.base/java.lang.reflect.Method.invoke(Method.java:568)\n\tat org.testng.internal.MethodInvocationHelper.invokeMethod(MethodInvocationHelper.java:124)\n\tat org.testng.internal.Invoker.invokeMethod(Invoker.java:583)\n\tat org.testng.internal.Invoker.invokeTestMethod(Invoker.java:719)\n\tat org.testng.internal.Invoker.invokeTestMethods(Invoker.java:989)\n\tat org.testng.internal.TestMethodWorker.invokeTestMethods(TestMethodWorker.java:125)\n\tat org.testng.internal.TestMethodWorker.run(TestMethodWorker.java:109)\n\tat org.testng.TestRunner.privateRun(TestRunner.java:648)\n\tat org.testng.TestRunner.run(TestRunner.java:505)\n\tat org.testng.SuiteRunner.runTest(SuiteRunner.java:455)\n\tat org.testng.SuiteRunner.access$000(SuiteRunner.java:40)\n\tat org.testng.SuiteRunner$SuiteWorker.run(SuiteRunner.java:489)\n\tat org.testng.internal.thread.ThreadUtil$1.call(ThreadUtil.java:52)\n\tat java.base/java.util.concurrent.FutureTask.run(FutureTask.java:264)\n\tat java.base/java.util.concurrent.ThreadPoolExecutor.runWorker(ThreadPoolExecutor.java:1136)\n\tat java.base/java.util.concurrent.ThreadPoolExecutor$Worker.run(ThreadPoolExecutor.java:635)\n\tat java.base/java.lang.Thread.run(Thread.java:833)\n"},"stage":"finished","steps":[],"attachments":[],"parameters":[{"name":"filePath","value":"/path/to/your/file.txt"}],"start":1735735466316,"stop":1735735466397}],"attachments":[],"parameters":[],"start":1735735466316,"stop":1735735466399,"uuid":"61936302-161f-48a9-8175-9a6cb3c5b080","historyId":"ec1e1e32625c22ac8af7a031e435cb8e","fullName":"DemoQATest.element.E_08_UploadAndDownload.TC_02_VerifyFileUpload","labels":[{"name":"package","value":"DemoQATest.element.E_08_UploadAndDownload"},{"name":"testClass","value":"DemoQATest.element.E_08_UploadAndDownload"},{"name":"testMethod","value":"TC_02_VerifyFileUpload"},{"name":"parentSuite","value":"DealerWeb"},{"name":"suite","value":"RUN ON CHROME BROWSER"},{"name":"subSuite","value":"DemoQATest.element.E_08_UploadAndDownload"},{"name":"host","value":"MacBook-Pro-2"},{"name":"thread","value":"10670@MacBook-Pro-2.TestNG-tests-1(42)"},{"name":"framework","value":"testng"},{"name":"language","value":"java"}],"links":[]}